
ROM used: 16298 (99%)
          16298 (99%) including unused fragments

          4 Average locations per line
          15 Average locations per statement

RAM used: 199 (26%) at main() level
          287 (37%) worst case

Stack used: 8 worst case (out of 26 total available)

Lines Stmts  %   Files
----- ----- ---  -----
  411   180  16  estores.c
   34     0   0  estores.h
  361     0   0  ..\..\..\Program Files\PICC\devices\18F2480.h
 1360   380  34  ..\..\..\Program Files\PICC\drivers\stdlib.h
   28     0   0  ..\..\..\Program Files\PICC\drivers\stddef.h
  417   126  11  ..\..\..\Program Files\PICC\drivers\string.h
   28     0   0  ..\..\..\Program Files\PICC\drivers\ctype.h
   17     4   0  max4896.c
  140    84   8  console.c
   79    59   5  switch_decision.c
  107    43   4  can_proc.c
  101    95   9  configure.c
  439   138  12  ..\..\..\Program Files\PICC\drivers\can-18xxx8.c
  369     3   0  ..\..\..\Program Files\PICC\drivers\can-18xxx8.h
----- -----
 3891  1112 Total

Page ROM  %  RAM   Vol Diff  Functions:
---- --- --- ---   --- ----  ----------
0     46   0   1             @delay_ms1
0     76   0   2             @MUL88
0    410   1   9  1815 10.5  atoi
0     24   0   1    74  1.6  write4896
0     88   0   1   368  3.6  catoi
0     42   0   0             @goto11277
0    860   3   2   523  5.3  printCAN
0     34   0   0             @const340
0     34   0   0             @const341
0     34   0   0             @const342
0     74   0   2             @PRINTF_X_9600_31766_31767
0     34   0   0             @const346
0     34   0   0             @const347
0     34   0   0             @const348
0     44   0   3             @DIV88
0    132   0   2             @PRINTF_U_9600_31766_31767
0    204   1   1   156  1.3  showconsole
0     60   0   0             @const358
0     42   0   0             @const359
0     42   0   0             @const360
0     42   0   0             @const361
0     42   0   0             @const362
0     42   0   0             @const363
0    426   1   9   436  1.9  showoutputs
0     42   0   0             @const367
0     42   0   0             @const368
0     42   0   0             @const369
0     40   0   0             @const371
0     46   0   0             @const372
0    436   1   9   404  3.2  showinputs
0     66   0   0             @const375
0     48   0   0             @const376
0     40   0   0             @const378
0     46   0   0             @const379
0    516   2  12  1539  4.9  console
0     48   0   0             @const384
0     66   0   4   312  4.7  decisor
0    454   1  15  2300  6.5  output_refresh
0     44   0   5    89  3.3  conv_adr
0    688   2  23  2125  6.9  proc_can
0     54   0   0             @const432
0     64   0   0   185  2.1  @goto11743
0   2868   9   4  3662  5.5  configure
0     58   0   0             @const443
0     58   0   0             @const444
0     58   0   0             @const445
0     58   0   0             @const446
0     58   0   0             @const447
0     52   0   0             @const450
0     54   0   0             @const451
0     38   0   0             @const452
0     44   0   0             @const453
0      2   0   0             @const454
0     44   0   0             @const455
0     48   0   0             @const456
0     48   0   0             @const457
0      2   0   0             @const460
0     54   0   0             @const461
0     54   0   0             @const462
0     54   0   0             @const463
0     54   0   0             @const464
0     54   0   0             @const465
0     54   0   0             @const466
0     54   0   0             @const467
0     56   0   0             @const468
0     36   0   0             @const469
0     52   0   0             @const470
0      2   0   0             @const471
0     38   0   0             @const472
0     56   0   0             @const473
0      2   0   0             @const474
0     38   0   0             @const475
0     56   0   0             @const476
0      2   0   0             @const477
0     38   0   0             @const478
0     54   0   0             @const479
0      2   0   0             @const480
0     36   0   0             @const481
0     52   0   0             @const482
0      2   0   0             @const483
0     40   0   0             @const484
0     58   0   0             @const485
0      2   0   0    40  1.7  @const486
0     22   0   0    40  1.7  RDA_isr
0     32   0   1    21  0.9  LOWVOLT_isr
0     46   0   0    13  0.1  @const491
0      6   0   0    13  0.1  OSCF_isr
0    344   1   2   733  4.3  can_init
0     48   0   0   255  2.3  can_set_baud
0     34   0   2    76  3.1  can_set_mode
0    308   1  14  1112  6.4  can_set_id
0    480   1  18   706  8.4  can_get_id
0    208   1  17  1026  7.9  can_putd
 Inline       14  1583  7.0  can_getd
0    914   3  21   931  7.0  canReceive
 Inline       21   696  9.7  can_Pop
0    554   2  28  1084  9.8  canTransmit
0    314   1  19   932  7.4  can_push
0     44   0   1    88  2.1  canrx0_int
0     64   0   0    88  2.1  @const743
0     44   0   1    88  2.1  canrx1_int
0     64   0   0    12  0.8  @const745
0      8   0   0    12  0.8  cantx0_int
0      8   0   0    12  0.8  cantx1_int
0      8   0   0    12  0.8  cantx2_int
0     36   0   1    43  1.4  canirx_int
0     60   0   0    43  1.4  @const750
0     36   0   1    43  1.4  canerr_int
0     62   0   0  4477 10.5  @const752
0   1742   5  30  4515 10.5  MAIN
0     48   0   0             @const769
0     84   0   0             @const770
0     74   0   0             @const771
0     56   0   0             @const772
0     50   0   0             @const773
0     66   0   0             @const774

Program metrics:
    Functions               42
    Statements              1112
    Comments                1277
    Volume (V)              54186
    Difficilty (D)          174.7
    Effort to implement (E) 9467278
    Time to implement (T)   146 hours, 6 minutes
    Est Delivered Bugs (B)  15
    Cyclomatic Complexity   113
    Maintainability (MI)    119

 Segment     Used  Free
-----------  ----  ----
00000-00002     4  0  
00004-00006     0  4  
00008-00108   258  0  
0010A-03FFE  16036  82  



