CCS PCH C Compiler, Version 4.057, 10706               07-Set-08 01:57

               Filename: C:\DomoticaNovo\Estores\ProgramaPIC\lixo\main.lst

               ROM used: 84 bytes (0%)
                         Largest free fragment is 65452
               RAM used: 5 (0%) at main() level
                         5 (0%) worst case
               Stack:    0 locations

*
00000:  GOTO   0004
.................... #include "C:\DomoticaNovo\Estores\ProgramaPIC\lixo\main.h" 
.................... #include <18F2680.h> 
.................... //////// Standard Header file for the PIC18F2680 device //////////////// 
.................... #device PIC18F2680 
.................... #list 
....................  
.................... #device adc=8 
....................  
.................... #FUSES NOWDT                 	//No Watch Dog Timer 
.................... #FUSES WDT128                	//Watch Dog Timer uses 1:128 Postscale 
.................... #FUSES LP                    	//Low power osc < 200 khz 
.................... #FUSES NOPROTECT             	//Code not protected from reading 
.................... #FUSES BROWNOUT              	//Reset when brownout detected 
.................... #FUSES BORV21                	//Brownout reset at 2.1V 
.................... #FUSES NOPUT                 	//No Power Up Timer 
.................... #FUSES NOCPD                 	//No EE protection 
.................... #FUSES STVREN                	//Stack full/underflow will cause reset 
.................... #FUSES NODEBUG               	//No Debug mode for ICD 
.................... #FUSES LVP                   	//Low Voltage Programming on B3(PIC16) or B5(PIC18) 
.................... #FUSES NOWRT                 	//Program memory not write protected 
.................... #FUSES NOWRTD                	//Data EEPROM not write protected 
.................... #FUSES IESO                  	//Internal External Switch Over mode enabled 
.................... #FUSES FCMEN                 	//Fail-safe clock monitor enabled 
.................... #FUSES PBADEN                	//PORTB pins are configured as analog input channels on RESET 
.................... #FUSES BBSIZ4K               	//4K words Boot Block size 
.................... #FUSES NOWRTC                	//configuration not registers write protected 
.................... #FUSES NOWRTB                	//Boot block not write protected 
.................... #FUSES NOEBTR                	//Memory not protected from table reads 
.................... #FUSES NOEBTRB               	//Boot block not protected from table reads 
.................... #FUSES NOCPB                 	//No Boot Block code protection 
.................... #FUSES LPT1OSC               	//Timer1 configured for low-power operation 
.................... #FUSES MCLR                  	//Master Clear pin enabled 
.................... #FUSES XINST                 	//Extended set extension and Indexed Addressing mode enabled 
....................  
.................... #use delay(clock=20000000) 
.................... #use rs232(baud=9600,parity=N,xmit=PIN_C6,rcv=PIN_C7,bits=8) 
....................  
....................  
....................  
....................  
.................... void main() 
.................... { 
00004:  CLRF   FF8
00006:  BCF    FD0.7
00008:  CLRF   FEA
0000A:  CLRF   FE9
0000C:  BSF    FB8.3
0000E:  MOVLW  08
00010:  MOVWF  FAF
00012:  MOVLW  02
00014:  MOVWF  FB0
00016:  MOVLW  A6
00018:  MOVWF  FAC
0001A:  MOVLW  90
0001C:  MOVWF  FAB
0001E:  MOVF   FC1,W
00020:  ANDLW  C0
00022:  IORLW  0F
00024:  MOVWF  FC1
....................  
....................    setup_adc_ports(NO_ANALOGS|VSS_VDD); 
00026:  MOVF   FC1,W
00028:  ANDLW  C0
0002A:  IORLW  0F
0002C:  MOVWF  FC1
....................    setup_adc(ADC_OFF|ADC_TAD_MUL_0); 
0002E:  BCF    FC2.0
....................    setup_spi(SPI_SS_DISABLED); 
00030:  BCF    FC6.5
00032:  BCF    F94.5
00034:  BSF    F94.4
00036:  BCF    F94.3
00038:  MOVLW  01
0003A:  MOVWF  FC6
0003C:  MOVLW  00
0003E:  MOVWF  FC7
....................    setup_wdt(WDT_OFF); 
00040:  BCF    FD1.0
....................    setup_timer_0(RTCC_INTERNAL); 
00042:  MOVLW  80
00044:  MOVWF  FD5
....................    setup_timer_1(T1_DISABLED); 
00046:  CLRF   FCD
....................    setup_timer_2(T2_DISABLED,0,1); 
00048:  MOVLW  00
0004A:  MOVWF  FCA
0004C:  MOVLW  00
0004E:  MOVWF  FCB
....................    setup_vref(FALSE); 
00050:  CLRF   FB5
.................... //Setup_Oscillator parameter not selected from Intr Oscillotar Config tab 
....................  
....................    // TODO: USER CODE!! 
....................  
.................... } 
00052:  SLEEP 

Configuration Fuses:
   Word  1: C000   LP IESO FCMEN
   Word  2: 0E1F   BROWNOUT WDT128 NOWDT BORV21 NOPUT
   Word  3: 8600   PBADEN LPT1OSC MCLR
   Word  4: 00B5   STVREN NODEBUG LVP NOXINST BBSIZ4K
   Word  5: C00F   NOPROTECT NOCPD NOCPB
   Word  6: E00F   NOWRT NOWRTD NOWRTC NOWRTB
   Word  7: 400F   NOEBTR NOEBTRB
